<?xml version="1.0" encoding="UTF-8"?>
<!-- Generated by org.testng.reporters.JUnitXMLReporter -->
<testsuite hostname="GBLNB-PF2ZSX2L" failures="1" tests="6" name="Test" time="108.129" errors="0" timestamp="12 Apr 2022 10:55:21 GMT">
  <testcase classname="test.PreferanceTest1" name="editPreference" time="9.809"/>
  <testcase classname="test.PreferenceTest2" name="preferencePageLine1" time="1.703"/>
  <testcase classname="test.PreferenceTest2" name="preferencePageLine2" time="0.051"/>
  <testcase classname="test.PreferenceTest2" name="preferencePageLine3" time="0.059">
    <failure type="java.lang.AssertionError" message="expected [5. Default values] but found [4. Default values]">
      <![CDATA[java.lang.AssertionError: expected [5. Default values] but found [4. Default values]
	at test.PreferenceTest2.preferencePageLine3(PreferenceTest2.java:69)
... Removed 29 stack frames]]>
    </failure>
  </testcase> <!-- preferencePageLine3 -->
  <testcase classname="test.PreferanceTest3" name="defaultPreferenceEdit" time="27.167"/>
  <testcase classname="test.PreferanceTest3" name="defaultPreferenceEdit" time="28.289"/>
</testsuite> <!-- Test -->
